<?xml version="1.0" encoding="UTF-8"?>
<!-- Generated by org.testng.reporters.JUnitReportReporter -->
<testsuite hostname="DESKTOP-L248DA7" failures="0" tests="1" name="com.java.TestNg.TestNG_First" time="0.005" errors="0" timestamp="2021-11-30T16:54:17 EST" skipped="0">
  <testcase classname="com.java.TestNg.TestNG_First" name="RegistrationTest" time="0.005"/>
  <system-out/>
</testsuite> <!-- com.java.TestNg.TestNG_First -->
